TN:
SF:d:\Web\GitHub\angularjs-unit-testing-patterns\example\client\src\app.js
FN:7,init
FNF:1
FNH:1
FNDA:12,init
DA:1,1
DA:3,1
DA:5,1
DA:7,1
DA:9,12
DA:13,1
DA:22,1
DA:24,1
LF:8
LH:8
BRF:0
BRH:0
end_of_record
TN:
SF:d:\Web\GitHub\angularjs-unit-testing-patterns\example\client\src\packages\main-container\main-container.js
FN:7,mainContainer
FNF:1
FNH:1
FNDA:1,mainContainer
DA:1,1
DA:3,1
DA:5,1
DA:7,1
DA:9,1
DA:16,1
LF:6
LH:6
BRF:0
BRH:0
end_of_record
TN:
SF:d:\Web\GitHub\angularjs-unit-testing-patterns\example\client\src\packages\pet-list\pet-list-ctrl.js
FN:9,(anonymous_1)
FNF:1
FNH:0
FNDA:0,(anonymous_1)
DA:1,1
DA:3,1
DA:5,1
DA:11,0
DA:17,1
LF:5
LH:4
BRF:0
BRH:0
end_of_record
TN:
SF:d:\Web\GitHub\angularjs-unit-testing-patterns\example\client\src\packages\pet-list\pet-list-svc.js
FN:9,(anonymous_1)
FN:13,(anonymous_2)
FNF:2
FNH:1
FNDA:3,(anonymous_1)
FNDA:0,(anonymous_2)
DA:1,1
DA:3,1
DA:5,1
DA:10,3
DA:14,0
DA:19,1
LF:6
LH:5
BRF:0
BRH:0
end_of_record
TN:
SF:d:\Web\GitHub\angularjs-unit-testing-patterns\example\client\src\packages\pet-list\pet-list.js
FN:7,petList
FNF:1
FNH:0
FNDA:0,petList
DA:1,1
DA:3,1
DA:5,1
DA:7,1
DA:9,0
DA:17,1
LF:6
LH:5
BRF:0
BRH:0
end_of_record
TN:
SF:d:\Web\GitHub\angularjs-unit-testing-patterns\example\client\src\packages\user-info\user-info-ctrl.js
FNF:0
FNH:0
DA:1,1
DA:3,1
DA:5,1
DA:11,1
LF:4
LH:4
BRF:0
BRH:0
end_of_record
TN:
SF:d:\Web\GitHub\angularjs-unit-testing-patterns\example\client\src\packages\user-info\user-info.js
FN:7,userInfo
FNF:1
FNH:1
FNDA:2,userInfo
DA:1,1
DA:3,1
DA:5,1
DA:7,1
DA:9,2
DA:17,1
LF:6
LH:6
BRF:0
BRH:0
end_of_record
TN:
SF:d:\Web\GitHub\angularjs-unit-testing-patterns\example\client\src\routes\hello-world\hello-world-route.js
FN:7,helloWorld
FNF:1
FNH:1
FNDA:12,helloWorld
DA:1,1
DA:3,1
DA:5,1
DA:7,1
DA:9,12
DA:19,12
DA:23,1
LF:7
LH:7
BRF:0
BRH:0
end_of_record
TN:
SF:d:\Web\GitHub\angularjs-unit-testing-patterns\example\client\src\routes\pet-list\pet-list-route.js
FN:7,petList
FNF:1
FNH:1
FNDA:12,petList
DA:1,1
DA:3,1
DA:5,1
DA:7,1
DA:9,12
DA:22,3
DA:27,12
DA:31,1
LF:8
LH:8
BRF:0
BRH:0
end_of_record
TN:
SF:d:\Web\GitHub\angularjs-unit-testing-patterns\example\client\src\routes\root.js
FN:7,root
FNF:1
FNH:1
FNDA:12,root
DA:1,1
DA:3,1
DA:5,1
DA:7,1
DA:9,12
DA:19,12
DA:23,1
LF:7
LH:7
BRF:0
BRH:0
end_of_record
TN:
SF:d:\Web\GitHub\angularjs-unit-testing-patterns\example\client\src\routes\user\user-route.js
FN:7,user
FNF:1
FNH:1
FNDA:12,user
DA:1,1
DA:3,1
DA:5,1
DA:7,1
DA:9,12
DA:21,12
DA:25,1
LF:7
LH:7
BRF:0
BRH:0
end_of_record
