TN:
SF:d:\Web\GitHub\angularjs-unit-testing-patterns\example\client\packages\app.js
FN:7,init
FNF:1
FNH:1
FNDA:6,init
DA:1,1
DA:3,1
DA:5,1
DA:7,1
DA:9,6
DA:13,1
DA:22,1
DA:24,1
LF:8
LH:8
BRF:0
BRH:0
end_of_record
TN:
SF:d:\Web\GitHub\angularjs-unit-testing-patterns\example\client\packages\main-container\main-container.js
FN:7,mainContainer
FNF:1
FNH:1
FNDA:1,mainContainer
DA:1,1
DA:3,1
DA:5,1
DA:7,1
DA:9,1
DA:16,1
LF:6
LH:6
BRF:0
BRH:0
end_of_record
TN:
SF:d:\Web\GitHub\angularjs-unit-testing-patterns\example\client\packages\routes.js
FN:7,routes
FNF:1
FNH:1
FNDA:6,routes
DA:1,1
DA:3,1
DA:5,1
DA:7,1
DA:9,6
DA:19,6
DA:29,6
DA:39,6
DA:46,1
LF:9
LH:9
BRF:0
BRH:0
end_of_record
TN:
SF:d:\Web\GitHub\angularjs-unit-testing-patterns\example\client\packages\user-info\user-info-ctrl.js
FNF:0
FNH:0
DA:1,1
DA:3,1
DA:5,1
DA:11,1
LF:4
LH:4
BRF:0
BRH:0
end_of_record
TN:
SF:d:\Web\GitHub\angularjs-unit-testing-patterns\example\client\packages\user-info\user-info.js
FN:7,userInfo
FNF:1
FNH:1
FNDA:2,userInfo
DA:1,1
DA:3,1
DA:5,1
DA:7,1
DA:9,2
DA:19,1
LF:6
LH:6
BRF:0
BRH:0
end_of_record
